  [1m[35m (2148.5ms)[0m  [1m[35mCREATE DATABASE "flashcard_app_development" ENCODING = 'unicode'[0m
  ↳ bin/rails:4
  [1m[35m (947.7ms)[0m  [1m[35mCREATE DATABASE "flashcard_app_test" ENCODING = 'unicode'[0m
  ↳ bin/rails:4
Started GET "/" for 127.0.0.1 at 2018-05-24 16:50:00 -0400
Processing by Rails::WelcomeController#index as HTML
  Rendering /usr/local/lib/ruby/gems/2.5.0/gems/railties-5.2.0/lib/rails/templates/rails/welcome/index.html.erb
  Rendered /usr/local/lib/ruby/gems/2.5.0/gems/railties-5.2.0/lib/rails/templates/rails/welcome/index.html.erb (36.9ms)
Completed 200 OK in 70ms (Views: 58.2ms | ActiveRecord: 0.0ms)


Started GET "/cards" for 127.0.0.1 at 2018-05-24 16:50:11 -0400
Processing by CardsController#index as HTML
Completed 500 Internal Server Error in 2771ms (ActiveRecord: 0.0ms)


  
NameError (undefined local variable or method `‘chinese’' for #<CardsController:0x00007f8811b6ce48>):
  
app/controllers/cards_controller.rb:5:in `index'
Started GET "/favicon.ico" for 127.0.0.1 at 2018-05-24 16:50:23 -0400
  
ActionController::RoutingError (No route matches [GET] "/favicon.ico"):
  
actionpack (5.2.0) lib/action_dispatch/middleware/debug_exceptions.rb:65:in `call'
actionpack (5.2.0) lib/action_dispatch/middleware/show_exceptions.rb:33:in `call'
railties (5.2.0) lib/rails/rack/logger.rb:38:in `call_app'
railties (5.2.0) lib/rails/rack/logger.rb:26:in `block in call'
activesupport (5.2.0) lib/active_support/tagged_logging.rb:71:in `block in tagged'
activesupport (5.2.0) lib/active_support/tagged_logging.rb:28:in `tagged'
activesupport (5.2.0) lib/active_support/tagged_logging.rb:71:in `tagged'
railties (5.2.0) lib/rails/rack/logger.rb:26:in `call'
actionpack (5.2.0) lib/action_dispatch/middleware/remote_ip.rb:81:in `call'
actionpack (5.2.0) lib/action_dispatch/middleware/request_id.rb:27:in `call'
rack (2.0.5) lib/rack/runtime.rb:22:in `call'
activesupport (5.2.0) lib/active_support/cache/strategy/local_cache_middleware.rb:29:in `call'
actionpack (5.2.0) lib/action_dispatch/middleware/executor.rb:14:in `call'
actionpack (5.2.0) lib/action_dispatch/middleware/static.rb:127:in `call'
rack (2.0.5) lib/rack/sendfile.rb:111:in `call'
railties (5.2.0) lib/rails/engine.rb:524:in `call'
puma (3.11.4) lib/puma/configuration.rb:225:in `call'
puma (3.11.4) lib/puma/server.rb:632:in `handle_request'
puma (3.11.4) lib/puma/server.rb:446:in `process_client'
puma (3.11.4) lib/puma/server.rb:306:in `block in run'
puma (3.11.4) lib/puma/thread_pool.rb:120:in `block in spawn_thread'
Started GET "/cards" for 127.0.0.1 at 2018-05-24 16:51:33 -0400
Processing by CardsController#index as */*
Completed 500 Internal Server Error in 375ms (ActiveRecord: 0.0ms)


  
NameError (undefined local variable or method `‘chinese’' for #<CardsController:0x00007f8812d49008>):
  
app/controllers/cards_controller.rb:5:in `index'
Started GET "/cards" for 127.0.0.1 at 2018-05-24 16:52:57 -0400
Processing by CardsController#index as HTML
Completed 200 OK in 2ms (Views: 0.9ms | ActiveRecord: 0.0ms)


Started GET "/cards" for 127.0.0.1 at 2018-05-24 16:53:15 -0400
Processing by CardsController#index as */*
Completed 200 OK in 1ms (Views: 0.2ms | ActiveRecord: 0.0ms)


Started GET "/cards" for 127.0.0.1 at 2018-05-25 09:13:16 -0400
Processing by CardsController#index as HTML
Completed 200 OK in 3ms (Views: 0.5ms | ActiveRecord: 0.0ms)


Started GET "/cards" for 127.0.0.1 at 2018-05-25 09:53:08 -0400
Processing by CardsController#index as HTML
Completed 200 OK in 1ms (Views: 0.2ms | ActiveRecord: 0.0ms)


Started GET "/cards" for 127.0.0.1 at 2018-05-25 09:59:16 -0400
Processing by CardsController#index as HTML
Completed 200 OK in 1ms (Views: 0.3ms | ActiveRecord: 0.0ms)


Started GET "/cards" for 127.0.0.1 at 2018-05-25 10:00:11 -0400
Processing by CardsController#index as HTML
Completed 200 OK in 1ms (Views: 0.2ms | ActiveRecord: 0.0ms)


Started GET "/cards" for 127.0.0.1 at 2018-05-25 10:02:47 -0400
Processing by CardsController#index as */*
Completed 200 OK in 8ms (Views: 1.8ms | ActiveRecord: 0.0ms)


Started GET "/cards" for 127.0.0.1 at 2018-05-25 10:03:03 -0400
Processing by CardsController#index as HTML
Completed 200 OK in 1ms (Views: 0.2ms | ActiveRecord: 0.0ms)


Started GET "/" for 127.0.0.1 at 2018-05-25 10:07:11 -0400
Processing by Rails::WelcomeController#index as */*
  Rendering /usr/local/lib/ruby/gems/2.5.0/gems/railties-5.2.0/lib/rails/templates/rails/welcome/index.html.erb
  Rendered /usr/local/lib/ruby/gems/2.5.0/gems/railties-5.2.0/lib/rails/templates/rails/welcome/index.html.erb (23.0ms)
Completed 200 OK in 523ms (Views: 323.0ms | ActiveRecord: 0.0ms)


Started GET "/cards" for 127.0.0.1 at 2018-05-25 10:07:19 -0400
Processing by CardsController#index as */*
Completed 200 OK in 1ms (Views: 0.2ms | ActiveRecord: 0.0ms)


Started GET "/" for 127.0.0.1 at 2018-05-25 14:19:21 -0400
Processing by Rails::WelcomeController#index as HTML
  Rendering /usr/local/lib/ruby/gems/2.5.0/gems/railties-5.2.0/lib/rails/templates/rails/welcome/index.html.erb
  Rendered /usr/local/lib/ruby/gems/2.5.0/gems/railties-5.2.0/lib/rails/templates/rails/welcome/index.html.erb (15.3ms)
Completed 200 OK in 30ms (Views: 24.5ms | ActiveRecord: 0.0ms)


Started GET "/cards" for 127.0.0.1 at 2018-05-25 14:19:25 -0400
Processing by CardsController#index as HTML
Completed 200 OK in 1ms (Views: 0.2ms | ActiveRecord: 0.0ms)


Started GET "/cards" for 127.0.0.1 at 2018-05-29 13:55:38 -0400
Processing by CardsController#index as HTML
Completed 200 OK in 1ms (Views: 0.2ms | ActiveRecord: 0.0ms)


Started GET "/" for 127.0.0.1 at 2018-05-29 13:55:43 -0400
Processing by CardsController#index as HTML
Completed 200 OK in 0ms (Views: 0.1ms | ActiveRecord: 0.0ms)


  [1m[35m (78.3ms)[0m  [1m[35mCREATE TABLE "schema_migrations" ("version" character varying NOT NULL PRIMARY KEY)[0m
  ↳ bin/rails:4
  [1m[35m (24.3ms)[0m  [1m[35mCREATE TABLE "ar_internal_metadata" ("key" character varying NOT NULL PRIMARY KEY, "value" character varying, "created_at" timestamp NOT NULL, "updated_at" timestamp NOT NULL)[0m
  ↳ bin/rails:4
  [1m[35m (1.4ms)[0m  [1m[34mSELECT pg_try_advisory_lock(897667804125690570)[0m
  ↳ bin/rails:4
  [1m[35m (1.4ms)[0m  [1m[34mSELECT "schema_migrations"."version" FROM "schema_migrations" ORDER BY "schema_migrations"."version" ASC[0m
  ↳ bin/rails:4
Migrating to CreateUsers (20180529175817)
  [1m[35m (4.9ms)[0m  [1m[35mBEGIN[0m
  ↳ bin/rails:4
  [1m[35m (38.5ms)[0m  [1m[35mCREATE TABLE "users" ("id" bigserial primary key, "login" character varying, "name" character varying, "created_at" timestamp NOT NULL, "updated_at" timestamp NOT NULL)[0m
  ↳ db/migrate/20180529175817_create_users.rb:3
  [1m[36mActiveRecord::SchemaMigration Create (11.9ms)[0m  [1m[32mINSERT INTO "schema_migrations" ("version") VALUES ($1) RETURNING "version"[0m  [["version", "20180529175817"]]
  ↳ bin/rails:4
  [1m[35m (0.6ms)[0m  [1m[35mCOMMIT[0m
  ↳ bin/rails:4
  [1m[36mActiveRecord::InternalMetadata Load (0.6ms)[0m  [1m[34mSELECT  "ar_internal_metadata".* FROM "ar_internal_metadata" WHERE "ar_internal_metadata"."key" = $1 LIMIT $2[0m  [["key", "environment"], ["LIMIT", 1]]
  ↳ bin/rails:4
  [1m[35m (0.2ms)[0m  [1m[35mBEGIN[0m
  ↳ bin/rails:4
  [1m[36mActiveRecord::InternalMetadata Create (1.0ms)[0m  [1m[32mINSERT INTO "ar_internal_metadata" ("key", "value", "created_at", "updated_at") VALUES ($1, $2, $3, $4) RETURNING "key"[0m  [["key", "environment"], ["value", "development"], ["created_at", "2018-05-29 17:58:36.701220"], ["updated_at", "2018-05-29 17:58:36.701220"]]
  ↳ bin/rails:4
  [1m[35m (0.5ms)[0m  [1m[35mCOMMIT[0m
  ↳ bin/rails:4
  [1m[35m (0.2ms)[0m  [1m[34mSELECT pg_advisory_unlock(897667804125690570)[0m
  ↳ bin/rails:4
  [1m[35m (0.3ms)[0m  [1m[34mSELECT "schema_migrations"."version" FROM "schema_migrations" ORDER BY "schema_migrations"."version" ASC[0m
  ↳ bin/rails:4
  [1m[35m (12.0ms)[0m  [1m[35mBEGIN[0m
  [1m[36mUser Create (8.1ms)[0m  [1m[32mINSERT INTO "users" ("login", "name", "created_at", "updated_at") VALUES ($1, $2, $3, $4) RETURNING "id"[0m  [["login", "karrot"], ["name", "Karen"], ["created_at", "2018-05-29 18:15:33.415240"], ["updated_at", "2018-05-29 18:15:33.415240"]]
  [1m[35m (22.8ms)[0m  [1m[35mCOMMIT[0m
Started GET "/users" for 127.0.0.1 at 2018-05-29 14:16:57 -0400
Started GET "/users" for 127.0.0.1 at 2018-05-29 14:17:08 -0400
  [1m[35m (1.5ms)[0m  [1m[34mSELECT "schema_migrations"."version" FROM "schema_migrations" ORDER BY "schema_migrations"."version" ASC[0m
  ↳ /usr/local/lib/ruby/gems/2.5.0/gems/activerecord-5.2.0/lib/active_record/log_subscriber.rb:98
Processing by UsersController#index as HTML
  [1m[36mUser Load (9.7ms)[0m  [1m[34mSELECT "users".* FROM "users"[0m
  ↳ app/controllers/users_controller.rb:8
Completed 200 OK in 36ms (Views: 14.9ms | ActiveRecord: 16.9ms)


Processing by UsersController#index as HTML
  [1m[36mUser Load (18.9ms)[0m  [1m[34mSELECT "users".* FROM "users"[0m
  ↳ app/controllers/users_controller.rb:8
Completed 200 OK in 40ms (Views: 11.8ms | ActiveRecord: 25.5ms)


Started GET "/users" for 127.0.0.1 at 2018-05-29 14:17:33 -0400
Processing by UsersController#index as */*
  [1m[36mUser Load (25.6ms)[0m  [1m[34mSELECT "users".* FROM "users"[0m
  ↳ app/controllers/users_controller.rb:8
Completed 200 OK in 28ms (Views: 2.2ms | ActiveRecord: 25.6ms)


  [1m[36mUser Load (0.5ms)[0m  [1m[34mSELECT  "users".* FROM "users" WHERE "users"."id" = $1 LIMIT $2[0m  [["id", 1], ["LIMIT", 1]]
  [1m[35m (21.2ms)[0m  [1m[35mBEGIN[0m
  [1m[36mUser Destroy (5.6ms)[0m  [1m[31mDELETE FROM "users" WHERE "users"."id" = $1[0m  [["id", 1]]
  [1m[35m (0.9ms)[0m  [1m[35mCOMMIT[0m
  [1m[35m (0.3ms)[0m  [1m[34mSELECT pg_try_advisory_lock(897667804125690570)[0m
  ↳ bin/rails:4
  [1m[35m (0.9ms)[0m  [1m[34mSELECT "schema_migrations"."version" FROM "schema_migrations" ORDER BY "schema_migrations"."version" ASC[0m
  ↳ bin/rails:4
Migrating to CreateFlashcards (20180529182257)
  [1m[35m (20.0ms)[0m  [1m[35mBEGIN[0m
  ↳ bin/rails:4
  [1m[35m (22.0ms)[0m  [1m[35mCREATE TABLE "flashcards" ("id" bigserial primary key, "user_id" bigint, "question" text, "answer" text, "created_at" timestamp NOT NULL, "updated_at" timestamp NOT NULL, CONSTRAINT "fk_rails_47a5d025da"
FOREIGN KEY ("user_id")
  REFERENCES "users" ("id")
)[0m
  ↳ db/migrate/20180529182257_create_flashcards.rb:3
  [1m[35m (1.5ms)[0m  [1m[35mCREATE  INDEX  "index_flashcards_on_user_id" ON "flashcards"  ("user_id")[0m
  ↳ db/migrate/20180529182257_create_flashcards.rb:3
  [1m[36mActiveRecord::SchemaMigration Create (0.9ms)[0m  [1m[32mINSERT INTO "schema_migrations" ("version") VALUES ($1) RETURNING "version"[0m  [["version", "20180529182257"]]
  ↳ bin/rails:4
  [1m[35m (1.6ms)[0m  [1m[35mCOMMIT[0m
  ↳ bin/rails:4
  [1m[36mActiveRecord::InternalMetadata Load (0.6ms)[0m  [1m[34mSELECT  "ar_internal_metadata".* FROM "ar_internal_metadata" WHERE "ar_internal_metadata"."key" = $1 LIMIT $2[0m  [["key", "environment"], ["LIMIT", 1]]
  ↳ bin/rails:4
  [1m[35m (0.2ms)[0m  [1m[35mBEGIN[0m
  ↳ bin/rails:4
  [1m[35m (0.2ms)[0m  [1m[35mCOMMIT[0m
  ↳ bin/rails:4
  [1m[35m (0.3ms)[0m  [1m[34mSELECT pg_advisory_unlock(897667804125690570)[0m
  ↳ bin/rails:4
  [1m[35m (0.5ms)[0m  [1m[34mSELECT "schema_migrations"."version" FROM "schema_migrations" ORDER BY "schema_migrations"."version" ASC[0m
  ↳ bin/rails:4
Started GET "/users" for 127.0.0.1 at 2018-05-29 14:33:45 -0400
  [1m[35m (2.4ms)[0m  [1m[34mSELECT "schema_migrations"."version" FROM "schema_migrations" ORDER BY "schema_migrations"."version" ASC[0m
  ↳ /usr/local/lib/ruby/gems/2.5.0/gems/activerecord-5.2.0/lib/active_record/log_subscriber.rb:98
Processing by UsersController#index as HTML
  [1m[36mUser Load (15.1ms)[0m  [1m[34mSELECT "users".* FROM "users"[0m
  ↳ app/controllers/users_controller.rb:8
Completed 200 OK in 32ms (Views: 2.8ms | ActiveRecord: 21.1ms)


Started GET "/" for 127.0.0.1 at 2018-05-29 14:33:47 -0400
Processing by CardsController#index as HTML
Completed 200 OK in 1ms (Views: 0.3ms | ActiveRecord: 0.0ms)


  [1m[35m (0.7ms)[0m  [1m[34mSELECT pg_try_advisory_lock(897667804125690570)[0m
  ↳ bin/rails:4
  [1m[35m (0.9ms)[0m  [1m[34mSELECT "schema_migrations"."version" FROM "schema_migrations" ORDER BY "schema_migrations"."version" ASC[0m
  ↳ bin/rails:4
Migrating to CreateTags (20180529183405)
  [1m[35m (0.3ms)[0m  [1m[35mBEGIN[0m
  ↳ bin/rails:4
  [1m[35m (39.1ms)[0m  [1m[35mCREATE TABLE "tags" ("id" bigserial primary key, "user_id" bigint, "name" character varying, "created_at" timestamp NOT NULL, "updated_at" timestamp NOT NULL, CONSTRAINT "fk_rails_e689f6d0cc"
FOREIGN KEY ("user_id")
  REFERENCES "users" ("id")
)[0m
  ↳ db/migrate/20180529183405_create_tags.rb:3
  [1m[35m (2.6ms)[0m  [1m[35mCREATE  INDEX  "index_tags_on_user_id" ON "tags"  ("user_id")[0m
  ↳ db/migrate/20180529183405_create_tags.rb:3
  [1m[36mActiveRecord::SchemaMigration Create (0.8ms)[0m  [1m[32mINSERT INTO "schema_migrations" ("version") VALUES ($1) RETURNING "version"[0m  [["version", "20180529183405"]]
  ↳ bin/rails:4
  [1m[35m (1.9ms)[0m  [1m[35mCOMMIT[0m
  ↳ bin/rails:4
  [1m[36mActiveRecord::InternalMetadata Load (0.5ms)[0m  [1m[34mSELECT  "ar_internal_metadata".* FROM "ar_internal_metadata" WHERE "ar_internal_metadata"."key" = $1 LIMIT $2[0m  [["key", "environment"], ["LIMIT", 1]]
  ↳ bin/rails:4
  [1m[35m (0.3ms)[0m  [1m[35mBEGIN[0m
  ↳ bin/rails:4
  [1m[35m (0.2ms)[0m  [1m[35mCOMMIT[0m
  ↳ bin/rails:4
  [1m[35m (0.4ms)[0m  [1m[34mSELECT pg_advisory_unlock(897667804125690570)[0m
  ↳ bin/rails:4
  [1m[35m (0.4ms)[0m  [1m[34mSELECT "schema_migrations"."version" FROM "schema_migrations" ORDER BY "schema_migrations"."version" ASC[0m
  ↳ bin/rails:4
  [1m[35m (0.3ms)[0m  [1m[34mSELECT pg_try_advisory_lock(897667804125690570)[0m
  ↳ bin/rails:4
  [1m[35m (2.0ms)[0m  [1m[34mSELECT "schema_migrations"."version" FROM "schema_migrations" ORDER BY "schema_migrations"."version" ASC[0m
  ↳ bin/rails:4
Migrating to CreateTaggings (20180529184018)
  [1m[35m (21.6ms)[0m  [1m[35mBEGIN[0m
  ↳ bin/rails:4
  [1m[35m (16.3ms)[0m  [1m[35mCREATE TABLE "taggings" ("id" bigserial primary key, "flashcard_id" bigint, "tag_id" bigint, "created_at" timestamp NOT NULL, "updated_at" timestamp NOT NULL, CONSTRAINT "fk_rails_b32b65e1ff"
FOREIGN KEY ("flashcard_id")
  REFERENCES "flashcards" ("id")
, CONSTRAINT "fk_rails_9fcd2e236b"
FOREIGN KEY ("tag_id")
  REFERENCES "tags" ("id")
)[0m
  ↳ db/migrate/20180529184018_create_taggings.rb:3
  [1m[35m (26.7ms)[0m  [1m[35mCREATE  INDEX  "index_taggings_on_flashcard_id" ON "taggings"  ("flashcard_id")[0m
  ↳ db/migrate/20180529184018_create_taggings.rb:3
  [1m[35m (1.2ms)[0m  [1m[35mCREATE  INDEX  "index_taggings_on_tag_id" ON "taggings"  ("tag_id")[0m
  ↳ db/migrate/20180529184018_create_taggings.rb:3
  [1m[36mActiveRecord::SchemaMigration Create (0.5ms)[0m  [1m[32mINSERT INTO "schema_migrations" ("version") VALUES ($1) RETURNING "version"[0m  [["version", "20180529184018"]]
  ↳ bin/rails:4
  [1m[35m (0.8ms)[0m  [1m[35mCOMMIT[0m
  ↳ bin/rails:4
  [1m[36mActiveRecord::InternalMetadata Load (0.4ms)[0m  [1m[34mSELECT  "ar_internal_metadata".* FROM "ar_internal_metadata" WHERE "ar_internal_metadata"."key" = $1 LIMIT $2[0m  [["key", "environment"], ["LIMIT", 1]]
  ↳ bin/rails:4
  [1m[35m (0.2ms)[0m  [1m[35mBEGIN[0m
  ↳ bin/rails:4
  [1m[35m (0.2ms)[0m  [1m[35mCOMMIT[0m
  ↳ bin/rails:4
  [1m[35m (0.3ms)[0m  [1m[34mSELECT pg_advisory_unlock(897667804125690570)[0m
  ↳ bin/rails:4
  [1m[35m (0.3ms)[0m  [1m[34mSELECT "schema_migrations"."version" FROM "schema_migrations" ORDER BY "schema_migrations"."version" ASC[0m
  ↳ bin/rails:4
